This is XeTeX, Version 3.14159265-2.6-0.99992 (TeX Live 2015) (preloaded format=xelatex 2015.11.14)  18 JUL 2017 15:27
entering extended mode
 restricted \write18 enabled.
 %&-line parsing enabled.
**ucore_thumips.tex
(./ucore_thumips.tex
LaTeX2e <2015/10/01> patch level 2
Babel <3.9m> and hyphenation patterns for 79 languages loaded.

(/media/wangzonglei/日常/Linux链接/texlive/2015/texmf-dist/tex/latex/base/article.c
ls
Document Class: article 2014/09/29 v1.4h Standard LaTeX document class

(/media/wangzonglei/日常/Linux链接/texlive/2015/texmf-dist/tex/latex/base/size10.cl
o
File: size10.clo 2014/09/29 v1.4h Standard LaTeX file (size option)
)
\c@part=\count79
\c@section=\count80
\c@subsection=\count81
\c@subsubsection=\count82
\c@paragraph=\count83
\c@subparagraph=\count84
\c@figure=\count85
\c@table=\count86
\abovecaptionskip=\skip41
\belowcaptionskip=\skip42
\bibindent=\dimen102
)
(/media/wangzonglei/日常/Linux链接/texlive/2015/texmf-dist/tex/latex/graphics/graph
icx.sty
Package: graphicx 2014/10/28 v1.0g Enhanced LaTeX Graphics (DPC,SPQR)

(/media/wangzonglei/日常/Linux链接/texlive/2015/texmf-dist/tex/latex/graphics/keyva
l.sty
Package: keyval 2014/10/28 v1.15 key=value parser (DPC)
\KV@toks@=\toks14
)
(/media/wangzonglei/日常/Linux链接/texlive/2015/texmf-dist/tex/latex/graphics/graph
ics.sty
Package: graphics 2014/10/28 v1.0p Standard LaTeX Graphics (DPC,SPQR)

(/media/wangzonglei/日常/Linux链接/texlive/2015/texmf-dist/tex/latex/graphics/trig.
sty
Package: trig 1999/03/16 v1.09 sin cos tan (DPC)
)
(/media/wangzonglei/日常/Linux链接/texlive/2015/texmf-dist/tex/latex/latexconfig/gr
aphics.cfg
File: graphics.cfg 2010/04/23 v1.9 graphics configuration of TeX Live
)
Package graphics Info: Driver file: xetex.def on input line 94.

(/media/wangzonglei/日常/Linux链接/texlive/2015/texmf-dist/tex/xelatex/xetex-def/xe
tex.def
File: xetex.def 2015/09/11 v4.06 LaTeX color/graphics driver for XeTeX (TeX Liv
e/RRM/JK)

(/media/wangzonglei/日常/Linux链接/texlive/2015/texmf-dist/tex/generic/oberdiek/inf
warerr.sty
Package: infwarerr 2010/04/08 v1.3 Providing info/warning/error messages (HO)
)
(/media/wangzonglei/日常/Linux链接/texlive/2015/texmf-dist/tex/generic/oberdiek/ltx
cmds.sty
Package: ltxcmds 2011/11/09 v1.22 LaTeX kernel commands for general use (HO)
)))
\Gin@req@height=\dimen103
\Gin@req@width=\dimen104
)
(/media/wangzonglei/日常/Linux链接/texlive/2015/texmf-dist/tex/latex/tools/indentfi
rst.sty
Package: indentfirst 1995/11/23 v1.03 Indent first paragraph (DPC)
)
(/media/wangzonglei/日常/Linux链接/texlive/2015/texmf-dist/tex/latex/algorithms/alg
orithm.sty
Invalid UTF-8 byte or sequence at line 11 replaced by U+FFFD.
Package: algorithm 2009/08/24 v0.1 Document Style `algorithm' - floating enviro
nment

(/media/wangzonglei/日常/Linux链接/texlive/2015/texmf-dist/tex/latex/float/float.st
y
Package: float 2001/11/08 v1.3d Float enhancements (AL)
\c@float@type=\count87
\float@exts=\toks15
\float@box=\box26
\@float@everytoks=\toks16
\@floatcapt=\box27
)
(/media/wangzonglei/日常/Linux链接/texlive/2015/texmf-dist/tex/latex/base/ifthen.st
y
Package: ifthen 2014/09/29 v1.1c Standard LaTeX ifthen package (DPC)
)
\@float@every@algorithm=\toks17
\c@algorithm=\count88
)
(/media/wangzonglei/日常/Linux链接/texlive/2015/texmf-dist/tex/latex/xcolor/xcolor.
sty
Package: xcolor 2007/01/21 v2.11 LaTeX color extensions (UK)

(/media/wangzonglei/日常/Linux链接/texlive/2015/texmf-dist/tex/latex/latexconfig/co
lor.cfg
File: color.cfg 2007/01/18 v1.5 color configuration of teTeX/TeXLive
)
Package xcolor Info: Driver file: xetex.def on input line 225.
Package xcolor Info: Model `cmy' substituted by `cmy0' on input line 1337.
Package xcolor Info: Model `RGB' extended on input line 1353.
Package xcolor Info: Model `HTML' substituted by `rgb' on input line 1355.
Package xcolor Info: Model `Hsb' substituted by `hsb' on input line 1356.
Package xcolor Info: Model `tHsb' substituted by `hsb' on input line 1357.
Package xcolor Info: Model `HSB' substituted by `hsb' on input line 1358.
Package xcolor Info: Model `Gray' substituted by `gray' on input line 1359.
Package xcolor Info: Model `wave' substituted by `hsb' on input line 1360.
)
(/media/wangzonglei/日常/Linux链接/texlive/2015/texmf-dist/tex/latex/listings/listi
ngs.sty
\lst@mode=\count89
\lst@gtempboxa=\box28
\lst@token=\toks18
\lst@length=\count90
\lst@currlwidth=\dimen105
\lst@column=\count91
\lst@pos=\count92
\lst@lostspace=\dimen106
\lst@width=\dimen107
\lst@newlines=\count93
\lst@lineno=\count94
\lst@maxwidth=\dimen108

(/media/wangzonglei/日常/Linux链接/texlive/2015/texmf-dist/tex/latex/listings/lstmi
sc.sty
File: lstmisc.sty 2015/06/04 1.6 (Carsten Heinz)
\c@lstnumber=\count95
\lst@skipnumbers=\count96
\lst@framebox=\box29
)
(/media/wangzonglei/日常/Linux链接/texlive/2015/texmf-dist/tex/latex/listings/listi
ngs.cfg
File: listings.cfg 2015/06/04 1.6 listings configuration
))
Package: listings 2015/06/04 1.6 (Carsten Heinz)

No file ucore_thumips.aux.
\openout1 = `ucore_thumips.aux'.

LaTeX Font Info:    Checking defaults for OML/cmm/m/it on input line 43.
LaTeX Font Info:    ... okay on input line 43.
LaTeX Font Info:    Checking defaults for T1/cmr/m/n on input line 43.
LaTeX Font Info:    ... okay on input line 43.
LaTeX Font Info:    Checking defaults for OT1/cmr/m/n on input line 43.
LaTeX Font Info:    ... okay on input line 43.
LaTeX Font Info:    Checking defaults for OMS/cmsy/m/n on input line 43.
LaTeX Font Info:    ... okay on input line 43.
LaTeX Font Info:    Checking defaults for OMX/cmex/m/n on input line 43.
LaTeX Font Info:    ... okay on input line 43.
LaTeX Font Info:    Checking defaults for U/cmr/m/n on input line 43.
LaTeX Font Info:    ... okay on input line 43.
\c@lstlisting=\count97
LaTeX Font Info:    External font `cmex10' loaded for size
(Font)              <12> on input line 46.
LaTeX Font Info:    External font `cmex10' loaded for size
(Font)              <8> on input line 46.
LaTeX Font Info:    External font `cmex10' loaded for size
(Font)              <6> on input line 46.
LaTeX Font Info:    Try loading font information for OMS+cmr on input line 56.

(/media/wangzonglei/日常/Linux链接/texlive/2015/texmf-dist/tex/latex/base/omscmr.fd
File: omscmr.fd 2014/09/29 v2.5h Standard LaTeX font definitions
)
LaTeX Font Info:    Font shape `OMS/cmr/m/n' in size <10> not available
(Font)              Font shape `OMS/cmsy/m/n' tried instead on input line 56.


LaTeX Warning: Reference `tab:mipssim' on page 1 undefined on input line 59.

LaTeX Font Info:    External font `cmex10' loaded for size
(Font)              <7> on input line 62.
LaTeX Font Info:    External font `cmex10' loaded for size
(Font)              <5> on input line 62.
[1

]
Overfull \hbox (1.49698pt too wide) in paragraph at lines 102--102
[]\OT1/cmtt/m/n/10 ../gcc-4.6.3/configure --prefix=/home/guest/cpu/build-gcc/mi
ps_gcc[] 
 []

[2]

LaTeX Warning: Reference `tab:dir' on page 3 undefined on input line 152.


LaTeX Warning: Reference `sec:mm' on page 3 undefined on input line 186.


LaTeX Warning: Citation `OS161' on page 3 undefined on input line 191.


Overfull \hbox (29.80624pt too wide) in paragraph at lines 198--208
 [][] 
 []


LaTeX Warning: `h' float specifier changed to `ht'.


LaTeX Warning: `h' float specifier changed to `ht'.

[3]
File: reg-sr.png Graphic file (type QTm)
 <use  "reg-sr.png" >

LaTeX Warning: Citation `Sweetman:2006:SMR:1210986' on page 4 undefined on inpu
t line 249.


(/media/wangzonglei/日常/Linux链接/texlive/2015/texmf-dist/tex/latex/listings/lstla
ng1.sty
File: lstlang1.sty 2015/06/04 1.6 listings language file
)
(/media/wangzonglei/日常/Linux链接/texlive/2015/texmf-dist/tex/latex/listings/lstla
ng1.sty
File: lstlang1.sty 2015/06/04 1.6 listings language file
)
(/media/wangzonglei/日常/Linux链接/texlive/2015/texmf-dist/tex/latex/listings/lstmi
sc.sty
File: lstmisc.sty 2015/06/04 1.6 (Carsten Heinz)
)
LaTeX Font Info:    Font shape `OMS/cmr/m/n' in size <8> not available
(Font)              Font shape `OMS/cmsy/m/n' tried instead on input line 261.


LaTeX Warning: `h' float specifier changed to `ht'.

[4]

LaTeX Warning: Reference `alg:tlbmiss' on page 5 undefined on input line 318.

LaTeX Font Info:    Try loading font information for OML+cmr on input line 330.


(/media/wangzonglei/日常/Linux链接/texlive/2015/texmf-dist/tex/latex/base/omlcmr.fd
File: omlcmr.fd 2014/09/29 v2.5h Standard LaTeX font definitions
)
LaTeX Font Info:    Font shape `OML/cmr/m/n' in size <8> not available
(Font)              Font shape `OML/cmm/m/it' tried instead on input line 330.


LaTeX Warning: `h' float specifier changed to `ht'.

[5]

LaTeX Warning: Reference `alg:syscall' on page 6 undefined on input line 425.


LaTeX Warning: `h' float specifier changed to `ht'.

No file ucore_thumips.bbl.
[6] [7] [8] (./ucore_thumips.aux)

LaTeX Warning: There were undefined references.


LaTeX Warning: Label(s) may have changed. Rerun to get cross-references right.

 ) 
Here is how much of TeX's memory you used:
 2933 strings out of 493668
 41002 string characters out of 6142925
 266687 words of memory out of 5000000
 6311 multiletter control sequences out of 15000+600000
 8409 words of font info for 30 fonts, out of 8000000 for 9000
 1328 hyphenation exceptions out of 8191
 33i,9n,60p,249b,1301s stack positions out of 5000i,500n,10000p,200000b,80000s

Output written on ucore_thumips.pdf (8 pages).
